2019-01-21 11:29:38 [scrapy.utils.log] INFO: Scrapy 1.5.0 started (bot: eastmoney_spider)
2019-01-21 11:29:38 [scrapy.utils.log] INFO: Versions: lxml 4.2.1.0, libxml2 2.9.8, cssselect 1.0.3, parsel 1.5.0, w3lib 1.19.0, Twisted 18.7.0, Python 3.6.5 |Anaconda, Inc.| (default, Mar 29 2018, 13:32:41) [MSC v.1900 64 bit (AMD64)], pyOpenSSL 18.0.0 (OpenSSL 1.0.2o  27 Mar 2018), cryptography 2.2.2, Platform Windows-10-10.0.17134-SP0
2019-01-21 11:29:38 [scrapy.crawler] INFO: Overridden settings: {'AUTOTHROTTLE_ENABLED': True, 'AUTOTHROTTLE_START_DELAY': 1, 'BOT_NAME': 'eastmoney_spider', 'DOWNLOAD_DELAY': 1, 'LOG_FILE': 'mySpider.log', 'LOG_LEVEL': 'INFO', 'NEWSPIDER_MODULE': 'eastmoney_spider.spiders', 'SPIDER_MODULES': ['eastmoney_spider.spiders'], 'USER_AGENT': 'Mozilla/5.0 (Macintosh; Intel Mac OS X 10_8_3) AppleWebKit/536.5 (KHTML, like Gecko) Chrome/19.0.1084.54 Safari/536.5'}
2019-01-21 11:29:39 [scrapy.middleware] INFO: Enabled extensions:
['scrapy.extensions.corestats.CoreStats',
 'scrapy.extensions.telnet.TelnetConsole',
 'scrapy.extensions.logstats.LogStats',
 'scrapy.extensions.throttle.AutoThrottle']
2019-01-21 11:29:40 [scrapy.middleware] INFO: Enabled downloader middlewares:
['scrapy.downloadermiddlewares.httpauth.HttpAuthMiddleware',
 'scrapy.downloadermiddlewares.downloadtimeout.DownloadTimeoutMiddleware',
 'scrapy.downloadermiddlewares.defaultheaders.DefaultHeadersMiddleware',
 'scrapy.downloadermiddlewares.useragent.UserAgentMiddleware',
 'eastmoney_spider.middlewares.ABYProxyMiddleware',
 'scrapy.downloadermiddlewares.retry.RetryMiddleware',
 'scrapy.downloadermiddlewares.redirect.MetaRefreshMiddleware',
 'scrapy.downloadermiddlewares.httpcompression.HttpCompressionMiddleware',
 'scrapy.downloadermiddlewares.redirect.RedirectMiddleware',
 'scrapy.downloadermiddlewares.cookies.CookiesMiddleware',
 'scrapy.downloadermiddlewares.httpproxy.HttpProxyMiddleware',
 'scrapy.downloadermiddlewares.stats.DownloaderStats']
2019-01-21 11:29:40 [scrapy.middleware] INFO: Enabled spider middlewares:
['scrapy.spidermiddlewares.httperror.HttpErrorMiddleware',
 'scrapy.spidermiddlewares.offsite.OffsiteMiddleware',
 'scrapy.spidermiddlewares.referer.RefererMiddleware',
 'scrapy.spidermiddlewares.urllength.UrlLengthMiddleware',
 'scrapy.spidermiddlewares.depth.DepthMiddleware']
2019-01-21 11:29:41 [scrapy.middleware] INFO: Enabled item pipelines:
['eastmoney_spider.pipelines.MongoDBPipeline']
2019-01-21 11:29:41 [scrapy.core.engine] INFO: Spider opened
2019-01-21 11:29:41 [scrapy.extensions.logstats] INFO: Crawled 0 pages (at 0 pages/min), scraped 0 items (at 0 items/min)
2019-01-21 11:29:43 [scrapy.spidermiddlewares.httperror] INFO: Ignoring response <429 http://guba.eastmoney.com/remenba.aspx?type=1&tab=2>: HTTP status code is not handled or not allowed
2019-01-21 11:30:41 [scrapy.extensions.logstats] INFO: Crawled 11 pages (at 11 pages/min), scraped 0 items (at 0 items/min)
2019-01-21 11:30:56 [scrapy.spidermiddlewares.httperror] INFO: Ignoring response <429 http://guba.eastmoney.com/list,ushio.html>: HTTP status code is not handled or not allowed
2019-01-21 11:31:19 [scrapy.core.scraper] ERROR: Error processing {'article_url': 'http://guba.eastmoney.com/news,600000,19830460.html',
 'author': {'user_age': '',
            'user_black_type': 0,
            'user_first_en_name': None,
            'user_id': '',
            'user_influ_level': 0,
            'user_is_majia': False,
            'user_level': 0,
            'user_name': '',
            'user_nickname': '',
            'user_type': 0,
            'user_v': 0},
 'comment': '0',
 'content': '不涨不跌（闭市）。',
 'fb_date': '2010-01-01',
 'fb_time': '07:19:29',
 'forward': '698',
 'home_page': 'http://guba.eastmoney.com/topic,600000.html',
 'stockname': '(600000)浦发银行',
 'title': '10年第一天怎么收？'}
Traceback (most recent call last):
  File "d:\programdata\anaconda3\lib\site-packages\twisted\internet\defer.py", line 654, in _runCallbacks
    current.result = callback(current.result, *args, **kw)
  File "D:\software_work\python_work\spider_work\scrapy_work\eastmoney_spider\eastmoney_spider\pipelines.py", line 30, in process_item
    post = dict(item)
TypeError: 'EastmoneySpider' object is not iterable
2019-01-21 11:31:21 [scrapy.core.scraper] ERROR: Error processing {'article_url': 'http://guba.eastmoney.com/news,600084,801172362.html',
 'author': {'user_age': '5.9年',
            'user_black_type': 0,
            'user_first_en_name': 'zpgfzz',
            'user_id': '2996113638035498',
            'user_influ_level': 8,
            'user_is_majia': True,
            'user_level': 0,
            'user_name': '600084_1',
            'user_nickname': '中葡股份资讯',
            'user_type': 0,
            'user_v': 0},
 'comment': '0',
 'content': '公告日期：1997-06-18 重要提示 1、新天国际经贸股份有限公司(筹)(以下简称“新天国际”)本次 '
            '股票发行及发行方案已获中国证券监督管理委员会[证监发字(1997)345号]文和[证监发字(1997)346号]文批准; '
            '2、“新天国际”股票经上海证券交易所(以下简称上交所)同意,由主承销商申银万国证券股份有限公司(以下简称主承销商)通过上交所交易系统,进行上网定价发行; '
            '3、本次上网定价发行并非上市,有关上市事项另行公告; 4、投资者务请注意本次股票发行申购程序、申购价格、申购数量 '
            '和次数的限制,以及认购量的确定; 5、本公司仅对发售“新天国际”股票的有关事项向社会公众作扼 '
            '要说明,投资者欲了解“新天国际”股票的一般情况,请详细阅读《新天国际经贸股份有限公司(筹)招股说明书(概要)》; '
            '6、《新天国际经贸股份有限公司(筹)招股说明书(概要)》已刊登 在1997年6月14日的《中国证券报》、《上海证券报》; '
            '7、投资者不得非法利用他人帐户或资金进行申购,也不得违规融资或帮助他人违规融资申购。 一、发行基本情况 '
            '1.本次向社会公众公开发行3000万股“新天国际”人民币普通股(A股),其中2700万股向社会公众公开发行,300万股向内部职工配售(须待 '
            '本次公开发行的股票上市六个月后方可上市流通),每股面值为1元人民 币,发行价格为7.84元/股(市盈率15.5倍)。 '
            '2.发行时间:1997年6月18日,申购时间为上午10:30-11:30,下午13:00-16:00。如遇重大突发事件影响本次发行,则在下一个工作日进行申 '
            '购。 3.发行地点:与上交所交易系统联网的各证券交易网点。 4.发行对象:在上交所办妥股票帐户的境内自然人、法人和经中国 '
            '人民银行总行批准的基金等其他机构(法律、法规禁止购买者除外)。 5.发行地区:中华人民共和国境内。 '
            '6.股票名称:新天国际,申购代码为:730084 二、发行方式简介 “新天国际”A股的发行采用“上网定价”的方式。即利用上海证 '
            '券交易所交易系统,在指定的时间内按确定的发行价格发售股票。具体 '
            '是由主承销商作为“新天国际”股票的唯一“卖方”,按确定的价格将2700万股“新天国际”A股全部输入主承销商在上交所的股票发行专户, '
            '各地申购者在指定时间内,通过与上交所联网的证券交易网点的柜台,以确定的发行价格和符合本公告规定的申购数量进行申购委托。申报结束后,由上交所交易系统主机根据经核实的资金到位情况统计有效申购总 '
            '量和申购户数,并根据有效申购总量和有效申购户数确定申购者的认购 股数,具体处理 原则如下: '
            '1.当申购数量少于本次股票发行量时,投资者按各自的有效申购量 认 购,余额部分由承销团按承销协议包销。 '
            '2.当申购数量等于本次股票发行量时,投资者按各自的有效申购量 认 购。 '
            '3.当申购量大于本次股票发行量时,由上交所的电脑主机自动按每1,000股确定为一个申报号码,顺序排号,然后通过摇号抽签,确定中签申 '
            '报号,每一个中签申报号可认购1,000股。 三、申购股数的规定 '
            '1.本次上网定价发行每个股票帐户的申购量最少不得低于1,000股,超过1,000股的,必须是1,000股的整数倍。 '
            '2.每个帐户只准申购一次,并且不能撤单。多次申购的(包括在不同的证券交易网点各进行一次申购的情况),除第一次申购外,均视作无效 '
            '申购。 3.每个股票帐户的申购数量上限为27,000股。 四、申购程序 1.办理开户登记 '
            '凡参加本次“新天国际”股票上网定价发行申购的投资者必须持有上交所的股票帐户卡,尚未办理开户登记手续的投资者,必须在发行日6 '
            '月18日(含该日)之前办好上交所股票帐户的开户手续。 2.存入足额申购资金 '
            '(1)已开立资金帐户但没有存足够资金的投资者应根据自己的申购 数量提前于6月17日存入足额申购资金。 '
            '(2)尚未开立资金帐户的投资者,必须于发行日(含发行日)之前在与上交所联网的证券交易网点开立资金帐户,并根据申购数量存入足额申 '
            '购资金。 3.申报手续 申报手续与二级市场买入上海市场股票的方式相同; '
            '(1)申购者当面委托时,应填写好申购委托单的各项内容,持本人身 '
            '份证、股票帐户卡和资金帐户卡到申购者开立资金帐户的与上海证券交易所联网的证券交易网点办理委托申购手续。柜台经办人员查验申购者交付的各项凭证,复核无误后即可接受委托。 '
            '(2)投资者通过电话委托时,应按各证券交易网点的规定,办理委托 手续。 (3)投资者的申购委托一经接受,不得撤单。 '
            '五、摇号抽签方法……[查看历史公告]提示：本网不保证其真实性和客观性，一切有关该股的有效信息，以交易所的公告为准，敬请投资者注意风险。',
 'fb_date': '1997-06-18',
 'fb_time': '00:00:00',
 'forward': '55',
 'home_page': 'http://guba.eastmoney.com/topic,600084.html',
 'stockname': '(600084)中葡股份',
 'title': '新天国际经贸股份有限公司(筹)股票发行公告'}
Traceback (most recent call last):
  File "d:\programdata\anaconda3\lib\site-packages\twisted\internet\defer.py", line 654, in _runCallbacks
    current.result = callback(current.result, *args, **kw)
  File "D:\software_work\python_work\spider_work\scrapy_work\eastmoney_spider\eastmoney_spider\pipelines.py", line 30, in process_item
    post = dict(item)
TypeError: 'EastmoneySpider' object is not iterable
2019-01-21 11:31:21 [scrapy.core.scraper] ERROR: Error processing {'article_url': 'http://guba.eastmoney.com/news,600057,799810680.html',
 'author': {'user_age': '5.9年',
            'user_black_type': 0,
            'user_first_en_name': 'xmxyzz',
            'user_id': '7953113638019282',
            'user_influ_level': 6,
            'user_is_majia': True,
            'user_level': 0,
            'user_name': '600057_1',
            'user_nickname': '厦门象屿资讯',
            'user_type': 0,
            'user_v': 0},
 'comment': '0',
 'content': '公告日期：2007-10-23[点击查看原文][查看历史公告]提示：本网不保证其真实性和客观性，一切有关该股的有效信息，以交易所的公告为准，敬请投资者注意风险。',
 'fb_date': '2007-10-23',
 'fb_time': '00:00:00',
 'forward': '26',
 'home_page': 'http://guba.eastmoney.com/topic,600057.html',
 'stockname': '(600057)厦门象屿',
 'title': '夏新电子：控股股东股权质押及解除情况公告'}
Traceback (most recent call last):
  File "d:\programdata\anaconda3\lib\site-packages\twisted\internet\defer.py", line 654, in _runCallbacks
    current.result = callback(current.result, *args, **kw)
  File "D:\software_work\python_work\spider_work\scrapy_work\eastmoney_spider\eastmoney_spider\pipelines.py", line 30, in process_item
    post = dict(item)
TypeError: 'EastmoneySpider' object is not iterable
2019-01-21 11:31:22 [scrapy.core.scraper] ERROR: Error processing {'article_url': 'http://guba.eastmoney.com/news,600062,19839284.html',
 'author': {'user_age': '',
            'user_black_type': 0,
            'user_first_en_name': None,
            'user_id': '',
            'user_influ_level': 0,
            'user_is_majia': False,
            'user_level': 0,
            'user_name': '',
            'user_nickname': '',
            'user_type': 0,
            'user_v': 0},
 'comment': '0',
 'content': '建国60年第一次全名参加医保，大家说会怎么样？',
 'fb_date': '2010-01-02',
 'fb_time': '08:11:47',
 'forward': '1509',
 'home_page': 'http://guba.eastmoney.com/topic,600062.html',
 'stockname': '(600062)华润双鹤',
 'title': '重大利好'}
Traceback (most recent call last):
  File "d:\programdata\anaconda3\lib\site-packages\twisted\internet\defer.py", line 654, in _runCallbacks
    current.result = callback(current.result, *args, **kw)
  File "D:\software_work\python_work\spider_work\scrapy_work\eastmoney_spider\eastmoney_spider\pipelines.py", line 30, in process_item
    post = dict(item)
TypeError: 'EastmoneySpider' object is not iterable
2019-01-21 11:31:25 [scrapy.core.scraper] ERROR: Error processing {'article_url': 'http://guba.eastmoney.com/news,600086,19840664.html',
 'author': {'user_age': '',
            'user_black_type': 0,
            'user_first_en_name': None,
            'user_id': '',
            'user_influ_level': 0,
            'user_is_majia': False,
            'user_level': 0,
            'user_name': '',
            'user_nickname': '',
            'user_type': 0,
            'user_v': 0},
 'comment': '0',
 'content': '钢铁板块涨幅居前，钢铁行业11月份PMI综合指标回升至52.5％，订单回升，且库存和产能继续回落，对国内钢价的持续上涨形成支撑。继10月份达到50.8％后，钢铁行业11月PMI综合指标继续回升至52.5％。连续两个月维持在50％的临界点之上，且持续回升，显示行业基本面继续好转。盘面上，八成钢铁股上涨，特别是武钢股份600005在2010年是最具发展潜力的钢铁股之一。',
 'fb_date': '2010-01-02',
 'fb_time': '11:23:59',
 'forward': '719',
 'home_page': 'http://guba.eastmoney.com/topic,600086.html',
 'stockname': '(600086)东方金钰',
 'title': '盘面上，八成钢铁股上涨，特别是武钢股份600005在2010年是最具发展潜力的钢铁股之一。'}
Traceback (most recent call last):
  File "d:\programdata\anaconda3\lib\site-packages\twisted\internet\defer.py", line 654, in _runCallbacks
    current.result = callback(current.result, *args, **kw)
  File "D:\software_work\python_work\spider_work\scrapy_work\eastmoney_spider\eastmoney_spider\pipelines.py", line 30, in process_item
    post = dict(item)
TypeError: 'EastmoneySpider' object is not iterable
2019-01-21 11:31:26 [scrapy.core.scraper] ERROR: Error processing {'article_url': 'http://guba.eastmoney.com/news,600056,19838005.html',
 'author': {'user_age': '',
            'user_black_type': 0,
            'user_first_en_name': None,
            'user_id': '',
            'user_influ_level': 0,
            'user_is_majia': False,
            'user_level': 0,
            'user_name': '',
            'user_nickname': '',
            'user_type': 0,
            'user_v': 0},
 'comment': '0',
 'content': '正在看CCTV-2年度经济人物评选，我觉的最该评上的是全体中国股，不辞辛劳，甘愿被套，高位接盘，没有广大股的投入，这些上市公司老总有这么分光吗，哟哟这样陈功吗，大家说对吗',
 'fb_date': '2010-01-01',
 'fb_time': '22:41:56',
 'forward': '1036',
 'home_page': 'http://guba.eastmoney.com/topic,600056.html',
 'stockname': '(600056)中国医药',
 'title': '中国年度经济人物'}
Traceback (most recent call last):
  File "d:\programdata\anaconda3\lib\site-packages\twisted\internet\defer.py", line 654, in _runCallbacks
    current.result = callback(current.result, *args, **kw)
  File "D:\software_work\python_work\spider_work\scrapy_work\eastmoney_spider\eastmoney_spider\pipelines.py", line 30, in process_item
    post = dict(item)
TypeError: 'EastmoneySpider' object is not iterable
2019-01-21 11:31:27 [scrapy.crawler] INFO: Received SIGINT, shutting down gracefully. Send again to force 
2019-01-21 11:31:27 [scrapy.core.engine] INFO: Closing spider (shutdown)
2019-01-21 11:31:27 [scrapy.core.scraper] ERROR: Error processing {'article_url': 'http://guba.eastmoney.com/news,600074,19831655.html',
 'author': {'user_age': '',
            'user_black_type': 0,
            'user_first_en_name': None,
            'user_id': '',
            'user_influ_level': 0,
            'user_is_majia': False,
            'user_level': 0,
            'user_name': '',
            'user_nickname': '',
            'user_type': 0,
            'user_v': 0},
 'comment': '1',
 'content': '开盘就卖吧.此股还要大跌',
 'fb_date': '2010-01-01',
 'fb_time': '10:18:54',
 'forward': '1708',
 'home_page': 'http://guba.eastmoney.com/topic,600074.html',
 'stockname': '(600074)*ST保千',
 'title': '真实的中达'}
Traceback (most recent call last):
  File "d:\programdata\anaconda3\lib\site-packages\twisted\internet\defer.py", line 654, in _runCallbacks
    current.result = callback(current.result, *args, **kw)
  File "D:\software_work\python_work\spider_work\scrapy_work\eastmoney_spider\eastmoney_spider\pipelines.py", line 30, in process_item
    post = dict(item)
TypeError: 'EastmoneySpider' object is not iterable
2019-01-21 11:31:27 [scrapy.crawler] INFO: Received SIGINT twice, forcing unclean shutdown
2019-01-21 13:19:15 [scrapy.utils.log] INFO: Scrapy 1.5.0 started (bot: eastmoney_spider)
2019-01-21 13:19:15 [scrapy.utils.log] INFO: Versions: lxml 4.2.1.0, libxml2 2.9.8, cssselect 1.0.3, parsel 1.5.0, w3lib 1.19.0, Twisted 18.7.0, Python 3.6.5 |Anaconda, Inc.| (default, Mar 29 2018, 13:32:41) [MSC v.1900 64 bit (AMD64)], pyOpenSSL 18.0.0 (OpenSSL 1.0.2o  27 Mar 2018), cryptography 2.2.2, Platform Windows-10-10.0.17134-SP0
2019-01-21 13:19:27 [scrapy.utils.log] INFO: Scrapy 1.5.0 started (bot: eastmoney_spider)
2019-01-21 13:19:27 [scrapy.utils.log] INFO: Versions: lxml 4.2.1.0, libxml2 2.9.8, cssselect 1.0.3, parsel 1.5.0, w3lib 1.19.0, Twisted 18.7.0, Python 3.6.5 |Anaconda, Inc.| (default, Mar 29 2018, 13:32:41) [MSC v.1900 64 bit (AMD64)], pyOpenSSL 18.0.0 (OpenSSL 1.0.2o  27 Mar 2018), cryptography 2.2.2, Platform Windows-10-10.0.17134-SP0
2019-01-21 13:19:27 [scrapy.crawler] INFO: Overridden settings: {'AUTOTHROTTLE_ENABLED': True, 'AUTOTHROTTLE_START_DELAY': 1, 'BOT_NAME': 'eastmoney_spider', 'DOWNLOAD_DELAY': 1, 'LOG_FILE': 'mySpider.log', 'LOG_LEVEL': 'INFO', 'NEWSPIDER_MODULE': 'eastmoney_spider.spiders', 'SPIDER_MODULES': ['eastmoney_spider.spiders'], 'USER_AGENT': 'Mozilla/5.0 (Macintosh; Intel Mac OS X 10_8_3) AppleWebKit/536.5 (KHTML, like Gecko) Chrome/19.0.1084.54 Safari/536.5'}
2019-01-21 13:19:28 [scrapy.middleware] INFO: Enabled extensions:
['scrapy.extensions.corestats.CoreStats',
 'scrapy.extensions.telnet.TelnetConsole',
 'scrapy.extensions.logstats.LogStats',
 'scrapy.extensions.throttle.AutoThrottle']
2019-01-21 13:19:28 [scrapy.middleware] INFO: Enabled downloader middlewares:
['scrapy.downloadermiddlewares.httpauth.HttpAuthMiddleware',
 'scrapy.downloadermiddlewares.downloadtimeout.DownloadTimeoutMiddleware',
 'scrapy.downloadermiddlewares.defaultheaders.DefaultHeadersMiddleware',
 'scrapy.downloadermiddlewares.useragent.UserAgentMiddleware',
 'eastmoney_spider.middlewares.ABYProxyMiddleware',
 'scrapy.downloadermiddlewares.retry.RetryMiddleware',
 'scrapy.downloadermiddlewares.redirect.MetaRefreshMiddleware',
 'scrapy.downloadermiddlewares.httpcompression.HttpCompressionMiddleware',
 'scrapy.downloadermiddlewares.redirect.RedirectMiddleware',
 'scrapy.downloadermiddlewares.cookies.CookiesMiddleware',
 'scrapy.downloadermiddlewares.httpproxy.HttpProxyMiddleware',
 'scrapy.downloadermiddlewares.stats.DownloaderStats']
2019-01-21 13:19:28 [scrapy.middleware] INFO: Enabled spider middlewares:
['scrapy.spidermiddlewares.httperror.HttpErrorMiddleware',
 'scrapy.spidermiddlewares.offsite.OffsiteMiddleware',
 'scrapy.spidermiddlewares.referer.RefererMiddleware',
 'scrapy.spidermiddlewares.urllength.UrlLengthMiddleware',
 'scrapy.spidermiddlewares.depth.DepthMiddleware']
2019-01-21 13:19:28 [scrapy.middleware] INFO: Enabled item pipelines:
['eastmoney_spider.pipelines.MongoDBPipeline']
2019-01-21 13:19:28 [scrapy.core.engine] INFO: Spider opened
2019-01-21 13:19:28 [scrapy.extensions.logstats] INFO: Crawled 0 pages (at 0 pages/min), scraped 0 items (at 0 items/min)
2019-01-21 13:20:10 [scrapy.spidermiddlewares.httperror] INFO: Ignoring response <429 http://guba.eastmoney.com/list,600053.html>: HTTP status code is not handled or not allowed
2019-01-21 13:20:28 [scrapy.extensions.logstats] INFO: Crawled 22 pages (at 22 pages/min), scraped 0 items (at 0 items/min)
2019-01-21 13:20:58 [scrapy.core.scraper] ERROR: Error processing {'article_url': 'http://guba.eastmoney.com/news,600000,19830460.html',
 'author': {'user_age': '',
            'user_black_type': 0,
            'user_first_en_name': None,
            'user_id': '',
            'user_influ_level': 0,
            'user_is_majia': False,
            'user_level': 0,
            'user_name': '',
            'user_nickname': '',
            'user_type': 0,
            'user_v': 0},
 'comment': '0',
 'content': '不涨不跌（闭市）。',
 'fb_date': '2010-01-01',
 'fb_time': '07:19:29',
 'forward': '696',
 'home_page': 'http://guba.eastmoney.com/topic,600000.html',
 'stockname': '(600000)浦发银行',
 'title': '10年第一天怎么收？'}
Traceback (most recent call last):
  File "d:\programdata\anaconda3\lib\site-packages\twisted\internet\defer.py", line 654, in _runCallbacks
    current.result = callback(current.result, *args, **kw)
  File "D:\software_work\python_work\spider_work\scrapy_work\eastmoney_spider\eastmoney_spider\pipelines.py", line 31, in process_item
    post = dict(item)
TypeError: 'EastmoneySpider' object is not iterable
2019-01-21 13:21:00 [scrapy.core.scraper] ERROR: Error processing {'article_url': 'http://guba.eastmoney.com/news,600060,19830632.html',
 'author': {'user_age': '',
            'user_black_type': 0,
            'user_first_en_name': None,
            'user_id': '',
            'user_influ_level': 0,
            'user_is_majia': False,
            'user_level': 0,
            'user_name': '',
            'user_nickname': '',
            'user_type': 0,
            'user_v': 0},
 'comment': '2',
 'content': '海信“双模”变频空调节能水平再获突破www.eastmoney.com \xa0\xa02009-12-31 '
            '08:36 \xa0 \xa0 大众证券报 手机免费访问 eastmoney.cn \xa0|\xa0\xa0字体: 大 中 '
            '小 \xa0|\xa0 我有话说\xa0\xa0 查看评论（0） 现价：25.79\xa0涨跌：0.41\xa0'
            '涨幅：1.62％\xa0总手：64308\xa0金额（万）：16254\xa0换手率：1.30％实时查询该股行情\xa0\xa0'
            '进入娴蜂俊鐢靛櫒吧\xa0\xa0娴蜂俊鐢靛櫒最新资讯\xa0\xa0'
            '大单成交随着全国范围内气骤降，空调制热的需求暴增。海信（进入该股吧，新版行情）新推出的“双模”直流变频空调因为具备3倍快速制热能力，而且突破了传统变频空调需要较长时间才能显示节能优势的局限，比单模直流变频空调更省电20％，受到消费者热烈欢迎。“海信双模变频的制热能力比普通空调快3倍，最低耗电量仅为180W!”商场的导购员告诉记者，冬天室外度低于0℃时，普通定速空调达到预设度至少需要半个小时，而海信“双模”直流变频空调仅需片刻时间就能使房间暖和起来，制热能力提高了3倍以上。并且，在达到预定度后，能在维持室稳定的情况下，海信“双模”变频1P挂机每小时耗电最低达到180W，仅为同规格普通定速空调耗电量的四分之一。据了解，海信“双模”直流变频空调是海信独家推出的高科技空调产品。与普通空调相比，它除了制热能力提高了3倍，更先进之处在于具有“双模”运转功能，用户只须通过遥控器上的“双模”切换键，就可任意选择“高效省电”和“长效节能”两种模式运行。而且，它还在国内首次实现超低频运转，控更精确，压缩机运转震动更小，使得机器运行的噪声降到最低，压缩机的使用寿命大大延长。这一技术属于国内首创，达到国际领先水平。空调专家指出，变频空调公认具有领先的节能、舒适性，但是也有人指责变频空调不适合中国国情，理由是变频空调需较长时间使用才能显示出节能的优越性，而很多国内用户家中的空调仅仅开启一两个小时就关掉，这样变频巨大的节能效果就不能很好地发挥出来。针对这个问题，海信在最先进的直流变频技术基础上采用“黄金频率分割技术”，设置“高效省电”和“长效节能”两种运行模式。如果用户不想长时间用空调，选择“高效省电”模式运行，即可解决普通变频空调开机运行初期能效不高的问题，达到高效省电的目的，比普通的直流变频空调省电20％以上。如果用户使用空调的时间较长，可选择“长效节能”模式，尽享高效节能、高度舒适两大好处。检测结果显示，海信推出的“双模”直流变频空调，即使是能效水平最低的四级产品，选择“高效省电”模式运行，以定速空调国家标准检测，其能效比EER为3.39，相当于定速空调国家1级水平（EER为3.4）;若按“长效节能”模式运行，最高能效比EER达4.2，远高于定速一级能效水平。据悉，为让广大消费者享受海信“双模”变频创造的舒适生活，海信空调近期将在南京各连锁及卖场开展“圣诞狂欢夜\xa0'
            '元旦欢乐行”促销活动，消费者凡在活动期间购买海信空调指定产品，即可获得特价、送电费和精美礼品等优惠。',
 'fb_date': '2010-01-01',
 'fb_time': '08:21:23',
 'forward': '836',
 'home_page': 'http://guba.eastmoney.com/topic,600060.html',
 'stockname': '(600060)海信电器',
 'title': '海信“双模”变频空调节能水平再获突破'}
Traceback (most recent call last):
  File "d:\programdata\anaconda3\lib\site-packages\twisted\internet\defer.py", line 654, in _runCallbacks
    current.result = callback(current.result, *args, **kw)
  File "D:\software_work\python_work\spider_work\scrapy_work\eastmoney_spider\eastmoney_spider\pipelines.py", line 31, in process_item
    post = dict(item)
TypeError: 'EastmoneySpider' object is not iterable
2019-01-21 13:21:02 [scrapy.core.scraper] ERROR: Error processing {'article_url': 'http://guba.eastmoney.com/news,600058,19831130.html',
 'author': {'user_age': '',
            'user_black_type': 0,
            'user_first_en_name': None,
            'user_id': '',
            'user_influ_level': 0,
            'user_is_majia': False,
            'user_level': 0,
            'user_name': '',
            'user_nickname': '',
            'user_type': 0,
            'user_v': 0},
 'comment': '1',
 'content': '个人只持有300股的它，成本在20以下，标题上这么说不是一味所谓唱多，大家可以看看K线图，我认为今天得阴线就是个上涨中继',
 'fb_date': '2010-01-01',
 'fb_time': '09:26:30',
 'forward': '1062',
 'home_page': 'http://guba.eastmoney.com/topic,600058.html',
 'stockname': '(600058)五矿发展',
 'title': '元旦回来，20以下成本的一周内都会解套'}
Traceback (most recent call last):
  File "d:\programdata\anaconda3\lib\site-packages\twisted\internet\defer.py", line 654, in _runCallbacks
    current.result = callback(current.result, *args, **kw)
  File "D:\software_work\python_work\spider_work\scrapy_work\eastmoney_spider\eastmoney_spider\pipelines.py", line 31, in process_item
    post = dict(item)
TypeError: 'EastmoneySpider' object is not iterable
2019-01-21 13:21:03 [scrapy.core.scraper] ERROR: Error processing {'article_url': 'http://guba.eastmoney.com/news,600057,799810680.html',
 'author': {'user_age': '5.9年',
            'user_black_type': 0,
            'user_first_en_name': 'xmxyzz',
            'user_id': '7953113638019282',
            'user_influ_level': 6,
            'user_is_majia': True,
            'user_level': 0,
            'user_name': '600057_1',
            'user_nickname': '厦门象屿资讯',
            'user_type': 0,
            'user_v': 0},
 'comment': '0',
 'content': '公告日期：2007-10-23[点击查看原文][查看历史公告]提示：本网不保证其真实性和客观性，一切有关该股的有效信息，以交易所的公告为准，敬请投资者注意风险。',
 'fb_date': '2007-10-23',
 'fb_time': '00:00:00',
 'forward': '22',
 'home_page': 'http://guba.eastmoney.com/topic,600057.html',
 'stockname': '(600057)厦门象屿',
 'title': '夏新电子：控股股东股权质押及解除情况公告'}
Traceback (most recent call last):
  File "d:\programdata\anaconda3\lib\site-packages\twisted\internet\defer.py", line 654, in _runCallbacks
    current.result = callback(current.result, *args, **kw)
  File "D:\software_work\python_work\spider_work\scrapy_work\eastmoney_spider\eastmoney_spider\pipelines.py", line 31, in process_item
    post = dict(item)
TypeError: 'EastmoneySpider' object is not iterable
2019-01-21 13:21:05 [scrapy.core.scraper] ERROR: Error processing {'article_url': 'http://guba.eastmoney.com/news,600059,19830666.html',
 'author': {'user_age': '',
            'user_black_type': 0,
            'user_first_en_name': None,
            'user_id': '',
            'user_influ_level': 0,
            'user_is_majia': False,
            'user_level': 0,
            'user_name': '',
            'user_nickname': '',
            'user_type': 0,
            'user_v': 0},
 'comment': '0',
 'content': '捂久',
 'fb_date': '2010-01-01',
 'fb_time': '08:25:25',
 'forward': '896',
 'home_page': 'http://guba.eastmoney.com/topic,600059.html',
 'stockname': '(600059)古越龙山',
 'title': '059 要想涨上去就得捂久'}
Traceback (most recent call last):
  File "d:\programdata\anaconda3\lib\site-packages\twisted\internet\defer.py", line 654, in _runCallbacks
    current.result = callback(current.result, *args, **kw)
  File "D:\software_work\python_work\spider_work\scrapy_work\eastmoney_spider\eastmoney_spider\pipelines.py", line 31, in process_item
    post = dict(item)
TypeError: 'EastmoneySpider' object is not iterable
2019-01-21 13:21:06 [scrapy.core.scraper] ERROR: Error processing {'article_url': 'http://guba.eastmoney.com/news,600056,19838005.html',
 'author': {'user_age': '',
            'user_black_type': 0,
            'user_first_en_name': None,
            'user_id': '',
            'user_influ_level': 0,
            'user_is_majia': False,
            'user_level': 0,
            'user_name': '',
            'user_nickname': '',
            'user_type': 0,
            'user_v': 0},
 'comment': '0',
 'content': '正在看CCTV-2年度经济人物评选，我觉的最该评上的是全体中国股，不辞辛劳，甘愿被套，高位接盘，没有广大股的投入，这些上市公司老总有这么分光吗，哟哟这样陈功吗，大家说对吗',
 'fb_date': '2010-01-01',
 'fb_time': '22:41:56',
 'forward': '1039',
 'home_page': 'http://guba.eastmoney.com/topic,600056.html',
 'stockname': '(600056)中国医药',
 'title': '中国年度经济人物'}
Traceback (most recent call last):
  File "d:\programdata\anaconda3\lib\site-packages\twisted\internet\defer.py", line 654, in _runCallbacks
    current.result = callback(current.result, *args, **kw)
  File "D:\software_work\python_work\spider_work\scrapy_work\eastmoney_spider\eastmoney_spider\pipelines.py", line 31, in process_item
    post = dict(item)
TypeError: 'EastmoneySpider' object is not iterable
2019-01-21 13:21:07 [scrapy.core.scraper] ERROR: Error processing {'article_url': 'http://guba.eastmoney.com/news,600054,19830315.html',
 'author': {'user_age': '',
            'user_black_type': 0,
            'user_first_en_name': None,
            'user_id': '',
            'user_influ_level': 0,
            'user_is_majia': False,
            'user_level': 0,
            'user_name': '',
            'user_nickname': '',
            'user_type': 0,
            'user_v': 0},
 'comment': '1',
 'content': '大家一致看好的，可就没戏了，哎！',
 'fb_date': '2010-01-01',
 'fb_time': '03:01:18',
 'forward': '1273',
 'home_page': 'http://guba.eastmoney.com/topic,600054.html',
 'stockname': '(600054)黄山旅游',
 'title': '看来黄山旅游大涨没戏了'}
Traceback (most recent call last):
  File "d:\programdata\anaconda3\lib\site-packages\twisted\internet\defer.py", line 654, in _runCallbacks
    current.result = callback(current.result, *args, **kw)
  File "D:\software_work\python_work\spider_work\scrapy_work\eastmoney_spider\eastmoney_spider\pipelines.py", line 31, in process_item
    post = dict(item)
TypeError: 'EastmoneySpider' object is not iterable
2019-01-21 13:21:14 [scrapy.core.scraper] ERROR: Error processing {'article_url': 'http://guba.eastmoney.com/news,600054,20075000.html',
 'author': {'user_age': '',
            'user_black_type': 0,
            'user_first_en_name': None,
            'user_id': '',
            'user_influ_level': 0,
            'user_is_majia': False,
            'user_level': 0,
            'user_name': '',
            'user_nickname': '',
            'user_type': 0,
            'user_v': 0},
 'comment': '0',
 'content': '爬黄山很累,坐海南高速轻松而快捷!',
 'fb_date': '2010-01-08',
 'fb_time': '17:02:05',
 'forward': '706',
 'home_page': 'http://guba.eastmoney.com/topic,600054.html',
 'stockname': '(600054)黄山旅游',
 'title': '爬黄山很累,坐海南高速轻松而快捷!'}
Traceback (most recent call last):
  File "d:\programdata\anaconda3\lib\site-packages\twisted\internet\defer.py", line 654, in _runCallbacks
    current.result = callback(current.result, *args, **kw)
  File "D:\software_work\python_work\spider_work\scrapy_work\eastmoney_spider\eastmoney_spider\pipelines.py", line 31, in process_item
    post = dict(item)
TypeError: 'EastmoneySpider' object is not iterable
2019-01-21 13:21:14 [scrapy.core.scraper] ERROR: Error processing {'article_url': 'http://guba.eastmoney.com/news,600055,19836807.html',
 'author': {'user_age': '',
            'user_black_type': 0,
            'user_first_en_name': None,
            'user_id': '',
            'user_influ_level': 0,
            'user_is_majia': False,
            'user_level': 0,
            'user_name': '',
            'user_nickname': '',
            'user_type': 0,
            'user_v': 0},
 'comment': '5',
 'content': '股市重大利好！。。。',
 'fb_date': '2010-01-01',
 'fb_time': '20:45:56',
 'forward': '1622',
 'home_page': 'http://guba.eastmoney.com/topic,600055.html',
 'stockname': '(600055)万东医疗',
 'title': '万东应创新高！'}
Traceback (most recent call last):
  File "d:\programdata\anaconda3\lib\site-packages\twisted\internet\defer.py", line 654, in _runCallbacks
    current.result = callback(current.result, *args, **kw)
  File "D:\software_work\python_work\spider_work\scrapy_work\eastmoney_spider\eastmoney_spider\pipelines.py", line 31, in process_item
    post = dict(item)
TypeError: 'EastmoneySpider' object is not iterable
2019-01-21 13:21:16 [scrapy.crawler] INFO: Received SIGINT, shutting down gracefully. Send again to force 
2019-01-21 13:21:16 [scrapy.core.engine] INFO: Closing spider (shutdown)
2019-01-21 13:21:16 [scrapy.crawler] INFO: Received SIGINT twice, forcing unclean shutdown
2019-01-21 13:22:50 [scrapy.utils.log] INFO: Scrapy 1.5.0 started (bot: eastmoney_spider)
2019-01-21 13:22:50 [scrapy.utils.log] INFO: Versions: lxml 4.2.1.0, libxml2 2.9.8, cssselect 1.0.3, parsel 1.5.0, w3lib 1.19.0, Twisted 18.7.0, Python 3.6.5 |Anaconda, Inc.| (default, Mar 29 2018, 13:32:41) [MSC v.1900 64 bit (AMD64)], pyOpenSSL 18.0.0 (OpenSSL 1.0.2o  27 Mar 2018), cryptography 2.2.2, Platform Windows-10-10.0.17134-SP0
2019-01-21 13:22:50 [scrapy.crawler] INFO: Overridden settings: {'AUTOTHROTTLE_ENABLED': True, 'AUTOTHROTTLE_START_DELAY': 1, 'BOT_NAME': 'eastmoney_spider', 'DOWNLOAD_DELAY': 1, 'LOG_FILE': 'mySpider.log', 'LOG_LEVEL': 'INFO', 'NEWSPIDER_MODULE': 'eastmoney_spider.spiders', 'SPIDER_MODULES': ['eastmoney_spider.spiders'], 'USER_AGENT': 'Mozilla/5.0 (Macintosh; Intel Mac OS X 10_8_3) AppleWebKit/536.5 (KHTML, like Gecko) Chrome/19.0.1084.54 Safari/536.5'}
2019-01-21 13:22:50 [scrapy.middleware] INFO: Enabled extensions:
['scrapy.extensions.corestats.CoreStats',
 'scrapy.extensions.telnet.TelnetConsole',
 'scrapy.extensions.logstats.LogStats',
 'scrapy.extensions.throttle.AutoThrottle']
2019-01-21 13:22:51 [scrapy.middleware] INFO: Enabled downloader middlewares:
['scrapy.downloadermiddlewares.httpauth.HttpAuthMiddleware',
 'scrapy.downloadermiddlewares.downloadtimeout.DownloadTimeoutMiddleware',
 'scrapy.downloadermiddlewares.defaultheaders.DefaultHeadersMiddleware',
 'scrapy.downloadermiddlewares.useragent.UserAgentMiddleware',
 'eastmoney_spider.middlewares.ABYProxyMiddleware',
 'scrapy.downloadermiddlewares.retry.RetryMiddleware',
 'scrapy.downloadermiddlewares.redirect.MetaRefreshMiddleware',
 'scrapy.downloadermiddlewares.httpcompression.HttpCompressionMiddleware',
 'scrapy.downloadermiddlewares.redirect.RedirectMiddleware',
 'scrapy.downloadermiddlewares.cookies.CookiesMiddleware',
 'scrapy.downloadermiddlewares.httpproxy.HttpProxyMiddleware',
 'scrapy.downloadermiddlewares.stats.DownloaderStats']
2019-01-21 13:22:51 [scrapy.middleware] INFO: Enabled spider middlewares:
['scrapy.spidermiddlewares.httperror.HttpErrorMiddleware',
 'scrapy.spidermiddlewares.offsite.OffsiteMiddleware',
 'scrapy.spidermiddlewares.referer.RefererMiddleware',
 'scrapy.spidermiddlewares.urllength.UrlLengthMiddleware',
 'scrapy.spidermiddlewares.depth.DepthMiddleware']
2019-01-21 13:22:51 [scrapy.middleware] INFO: Enabled item pipelines:
['eastmoney_spider.pipelines.MongoDBPipeline']
2019-01-21 13:22:51 [scrapy.core.engine] INFO: Spider opened
2019-01-21 13:22:51 [scrapy.extensions.logstats] INFO: Crawled 0 pages (at 0 pages/min), scraped 0 items (at 0 items/min)
2019-01-21 13:23:31 [scrapy.spidermiddlewares.httperror] INFO: Ignoring response <429 http://guba.eastmoney.com/list,900957.html>: HTTP status code is not handled or not allowed
2019-01-21 13:23:51 [scrapy.extensions.logstats] INFO: Crawled 23 pages (at 23 pages/min), scraped 0 items (at 0 items/min)
2019-01-21 13:31:56 [scrapy.extensions.logstats] INFO: Crawled 40 pages (at 17 pages/min), scraped 1 items (at 1 items/min)
2019-01-21 13:32:19 [scrapy.spidermiddlewares.httperror] INFO: Ignoring response <429 http://guba.eastmoney.com/news,600039,19833937.html>: HTTP status code is not handled or not allowed
2019-01-21 13:32:35 [scrapy.crawler] INFO: Received SIGINT, shutting down gracefully. Send again to force 
2019-01-21 13:32:35 [scrapy.core.engine] INFO: Closing spider (shutdown)
2019-01-21 13:32:35 [scrapy.crawler] INFO: Received SIGINT twice, forcing unclean shutdown
2019-01-21 13:36:14 [scrapy.utils.log] INFO: Scrapy 1.5.0 started (bot: eastmoney_spider)
2019-01-21 13:36:14 [scrapy.utils.log] INFO: Versions: lxml 4.2.1.0, libxml2 2.9.8, cssselect 1.0.3, parsel 1.5.0, w3lib 1.19.0, Twisted 18.7.0, Python 3.6.5 |Anaconda, Inc.| (default, Mar 29 2018, 13:32:41) [MSC v.1900 64 bit (AMD64)], pyOpenSSL 18.0.0 (OpenSSL 1.0.2o  27 Mar 2018), cryptography 2.2.2, Platform Windows-10-10.0.17134-SP0
2019-01-21 13:36:14 [scrapy.crawler] INFO: Overridden settings: {'AUTOTHROTTLE_ENABLED': True, 'AUTOTHROTTLE_START_DELAY': 1, 'BOT_NAME': 'eastmoney_spider', 'DOWNLOAD_DELAY': 1, 'LOG_FILE': 'mySpider.log', 'LOG_LEVEL': 'INFO', 'NEWSPIDER_MODULE': 'eastmoney_spider.spiders', 'SPIDER_MODULES': ['eastmoney_spider.spiders'], 'USER_AGENT': 'Mozilla/5.0 (Macintosh; Intel Mac OS X 10_8_3) AppleWebKit/536.5 (KHTML, like Gecko) Chrome/19.0.1084.54 Safari/536.5'}
2019-01-21 13:36:14 [scrapy.middleware] INFO: Enabled extensions:
['scrapy.extensions.corestats.CoreStats',
 'scrapy.extensions.telnet.TelnetConsole',
 'scrapy.extensions.logstats.LogStats',
 'scrapy.extensions.throttle.AutoThrottle']
2019-01-21 13:36:14 [scrapy.middleware] INFO: Enabled downloader middlewares:
['scrapy.downloadermiddlewares.httpauth.HttpAuthMiddleware',
 'scrapy.downloadermiddlewares.downloadtimeout.DownloadTimeoutMiddleware',
 'scrapy.downloadermiddlewares.defaultheaders.DefaultHeadersMiddleware',
 'scrapy.downloadermiddlewares.useragent.UserAgentMiddleware',
 'eastmoney_spider.middlewares.ABYProxyMiddleware',
 'scrapy.downloadermiddlewares.retry.RetryMiddleware',
 'scrapy.downloadermiddlewares.redirect.MetaRefreshMiddleware',
 'scrapy.downloadermiddlewares.httpcompression.HttpCompressionMiddleware',
 'scrapy.downloadermiddlewares.redirect.RedirectMiddleware',
 'scrapy.downloadermiddlewares.cookies.CookiesMiddleware',
 'scrapy.downloadermiddlewares.httpproxy.HttpProxyMiddleware',
 'scrapy.downloadermiddlewares.stats.DownloaderStats']
2019-01-21 13:36:14 [scrapy.middleware] INFO: Enabled spider middlewares:
['scrapy.spidermiddlewares.httperror.HttpErrorMiddleware',
 'scrapy.spidermiddlewares.offsite.OffsiteMiddleware',
 'scrapy.spidermiddlewares.referer.RefererMiddleware',
 'scrapy.spidermiddlewares.urllength.UrlLengthMiddleware',
 'scrapy.spidermiddlewares.depth.DepthMiddleware']
2019-01-21 13:36:14 [scrapy.middleware] INFO: Enabled item pipelines:
['eastmoney_spider.pipelines.MongoDBPipeline']
2019-01-21 13:36:14 [scrapy.core.engine] INFO: Spider opened
2019-01-21 13:36:14 [scrapy.extensions.logstats] INFO: Crawled 0 pages (at 0 pages/min), scraped 0 items (at 0 items/min)
2019-01-21 13:37:14 [scrapy.extensions.logstats] INFO: Crawled 19 pages (at 19 pages/min), scraped 0 items (at 0 items/min)
2019-01-21 13:38:17 [scrapy.extensions.logstats] INFO: Crawled 52 pages (at 33 pages/min), scraped 13 items (at 13 items/min)
2019-01-21 13:38:22 [scrapy.crawler] INFO: Received SIGINT, shutting down gracefully. Send again to force 
2019-01-21 13:38:22 [scrapy.core.engine] INFO: Closing spider (shutdown)
2019-01-21 13:38:22 [scrapy.crawler] INFO: Received SIGINT twice, forcing unclean shutdown
2019-01-21 13:38:22 [scrapy.core.downloader.handlers.http11] WARNING: Got data loss in http://guba.eastmoney.com/news,600060,19835161.html. If you want to process broken responses set the setting DOWNLOAD_FAIL_ON_DATALOSS = False -- This message won't be shown in further requests
2019-01-21 13:46:47 [scrapy.utils.log] INFO: Scrapy 1.5.0 started (bot: eastmoney_spider)
2019-01-21 13:46:47 [scrapy.utils.log] INFO: Versions: lxml 4.2.1.0, libxml2 2.9.8, cssselect 1.0.3, parsel 1.5.0, w3lib 1.19.0, Twisted 18.7.0, Python 3.6.5 |Anaconda, Inc.| (default, Mar 29 2018, 13:32:41) [MSC v.1900 64 bit (AMD64)], pyOpenSSL 18.0.0 (OpenSSL 1.0.2o  27 Mar 2018), cryptography 2.2.2, Platform Windows-10-10.0.17134-SP0
2019-01-21 13:46:47 [scrapy.crawler] INFO: Overridden settings: {'AUTOTHROTTLE_ENABLED': True, 'AUTOTHROTTLE_START_DELAY': 1, 'BOT_NAME': 'eastmoney_spider', 'DOWNLOAD_DELAY': 1, 'LOG_FILE': 'mySpider.log', 'LOG_LEVEL': 'INFO', 'NEWSPIDER_MODULE': 'eastmoney_spider.spiders', 'SPIDER_MODULES': ['eastmoney_spider.spiders'], 'USER_AGENT': 'Mozilla/5.0 (Macintosh; Intel Mac OS X 10_8_3) AppleWebKit/536.5 (KHTML, like Gecko) Chrome/19.0.1084.54 Safari/536.5'}
2019-01-21 13:46:47 [scrapy.middleware] INFO: Enabled extensions:
['scrapy.extensions.corestats.CoreStats',
 'scrapy.extensions.telnet.TelnetConsole',
 'scrapy.extensions.logstats.LogStats',
 'scrapy.extensions.throttle.AutoThrottle']
2019-01-21 13:46:48 [scrapy.middleware] INFO: Enabled downloader middlewares:
['scrapy.downloadermiddlewares.httpauth.HttpAuthMiddleware',
 'scrapy.downloadermiddlewares.downloadtimeout.DownloadTimeoutMiddleware',
 'scrapy.downloadermiddlewares.defaultheaders.DefaultHeadersMiddleware',
 'scrapy.downloadermiddlewares.useragent.UserAgentMiddleware',
 'eastmoney_spider.middlewares.ABYProxyMiddleware',
 'scrapy.downloadermiddlewares.retry.RetryMiddleware',
 'scrapy.downloadermiddlewares.redirect.MetaRefreshMiddleware',
 'scrapy.downloadermiddlewares.httpcompression.HttpCompressionMiddleware',
 'scrapy.downloadermiddlewares.redirect.RedirectMiddleware',
 'scrapy.downloadermiddlewares.cookies.CookiesMiddleware',
 'scrapy.downloadermiddlewares.httpproxy.HttpProxyMiddleware',
 'scrapy.downloadermiddlewares.stats.DownloaderStats']
2019-01-21 13:46:48 [scrapy.middleware] INFO: Enabled spider middlewares:
['scrapy.spidermiddlewares.httperror.HttpErrorMiddleware',
 'scrapy.spidermiddlewares.offsite.OffsiteMiddleware',
 'scrapy.spidermiddlewares.referer.RefererMiddleware',
 'scrapy.spidermiddlewares.urllength.UrlLengthMiddleware',
 'scrapy.spidermiddlewares.depth.DepthMiddleware']
2019-01-21 13:46:48 [scrapy.middleware] INFO: Enabled item pipelines:
['eastmoney_spider.pipelines.MongoDBPipeline']
2019-01-21 13:46:48 [scrapy.core.engine] INFO: Spider opened
2019-01-21 13:46:48 [scrapy.extensions.logstats] INFO: Crawled 0 pages (at 0 pages/min), scraped 0 items (at 0 items/min)
2019-01-21 13:47:33 [scrapy.spidermiddlewares.httperror] INFO: Ignoring response <429 http://guba.eastmoney.com/list,900957.html>: HTTP status code is not handled or not allowed
2019-01-21 13:47:48 [scrapy.extensions.logstats] INFO: Crawled 25 pages (at 25 pages/min), scraped 0 items (at 0 items/min)
2019-01-21 13:48:17 [scrapy.crawler] INFO: Received SIGINT, shutting down gracefully. Send again to force 
2019-01-21 13:48:17 [scrapy.core.engine] INFO: Closing spider (shutdown)
2019-01-21 13:48:19 [scrapy.crawler] INFO: Received SIGINT twice, forcing unclean shutdown
2019-01-21 13:56:00 [scrapy.utils.log] INFO: Scrapy 1.5.0 started (bot: eastmoney_spider)
2019-01-21 13:56:00 [scrapy.utils.log] INFO: Versions: lxml 4.2.1.0, libxml2 2.9.8, cssselect 1.0.3, parsel 1.5.0, w3lib 1.19.0, Twisted 18.7.0, Python 3.6.5 |Anaconda, Inc.| (default, Mar 29 2018, 13:32:41) [MSC v.1900 64 bit (AMD64)], pyOpenSSL 18.0.0 (OpenSSL 1.0.2o  27 Mar 2018), cryptography 2.2.2, Platform Windows-10-10.0.17134-SP0
2019-01-21 13:56:00 [scrapy.crawler] INFO: Overridden settings: {'AUTOTHROTTLE_ENABLED': True, 'AUTOTHROTTLE_START_DELAY': 1, 'BOT_NAME': 'eastmoney_spider', 'DOWNLOAD_DELAY': 1, 'LOG_FILE': 'mySpider.log', 'LOG_LEVEL': 'INFO', 'NEWSPIDER_MODULE': 'eastmoney_spider.spiders', 'SPIDER_MODULES': ['eastmoney_spider.spiders'], 'USER_AGENT': 'Mozilla/5.0 (Macintosh; Intel Mac OS X 10_8_3) AppleWebKit/536.5 (KHTML, like Gecko) Chrome/19.0.1084.54 Safari/536.5'}
2019-01-21 13:56:00 [scrapy.middleware] INFO: Enabled extensions:
['scrapy.extensions.corestats.CoreStats',
 'scrapy.extensions.telnet.TelnetConsole',
 'scrapy.extensions.logstats.LogStats',
 'scrapy.extensions.throttle.AutoThrottle']
2019-01-21 13:56:01 [scrapy.middleware] INFO: Enabled downloader middlewares:
['scrapy.downloadermiddlewares.httpauth.HttpAuthMiddleware',
 'scrapy.downloadermiddlewares.downloadtimeout.DownloadTimeoutMiddleware',
 'scrapy.downloadermiddlewares.defaultheaders.DefaultHeadersMiddleware',
 'scrapy.downloadermiddlewares.useragent.UserAgentMiddleware',
 'eastmoney_spider.middlewares.ABYProxyMiddleware',
 'scrapy.downloadermiddlewares.retry.RetryMiddleware',
 'scrapy.downloadermiddlewares.redirect.MetaRefreshMiddleware',
 'scrapy.downloadermiddlewares.httpcompression.HttpCompressionMiddleware',
 'scrapy.downloadermiddlewares.redirect.RedirectMiddleware',
 'scrapy.downloadermiddlewares.cookies.CookiesMiddleware',
 'scrapy.downloadermiddlewares.httpproxy.HttpProxyMiddleware',
 'scrapy.downloadermiddlewares.stats.DownloaderStats']
2019-01-21 13:56:01 [scrapy.middleware] INFO: Enabled spider middlewares:
['scrapy.spidermiddlewares.httperror.HttpErrorMiddleware',
 'scrapy.spidermiddlewares.offsite.OffsiteMiddleware',
 'scrapy.spidermiddlewares.referer.RefererMiddleware',
 'scrapy.spidermiddlewares.urllength.UrlLengthMiddleware',
 'scrapy.spidermiddlewares.depth.DepthMiddleware']
2019-01-21 13:56:01 [scrapy.middleware] INFO: Enabled item pipelines:
['eastmoney_spider.pipelines.MongoDBPipeline']
2019-01-21 13:56:01 [scrapy.core.engine] INFO: Spider opened
2019-01-21 13:56:01 [scrapy.extensions.logstats] INFO: Crawled 0 pages (at 0 pages/min), scraped 0 items (at 0 items/min)
2019-01-21 13:57:01 [scrapy.extensions.logstats] INFO: Crawled 6 pages (at 6 pages/min), scraped 0 items (at 0 items/min)
2019-01-21 13:58:01 [scrapy.extensions.logstats] INFO: Crawled 16 pages (at 10 pages/min), scraped 0 items (at 0 items/min)
2019-01-21 13:59:02 [scrapy.extensions.logstats] INFO: Crawled 38 pages (at 22 pages/min), scraped 1 items (at 1 items/min)
2019-01-21 13:59:24 [scrapy.core.downloader.handlers.http11] WARNING: Got data loss in http://guba.eastmoney.com/list,600051_786.html. If you want to process broken responses set the setting DOWNLOAD_FAIL_ON_DATALOSS = False -- This message won't be shown in further requests
2019-01-21 14:00:01 [scrapy.extensions.logstats] INFO: Crawled 64 pages (at 26 pages/min), scraped 24 items (at 23 items/min)
2019-01-21 14:01:01 [scrapy.extensions.logstats] INFO: Crawled 65 pages (at 1 pages/min), scraped 25 items (at 1 items/min)
2019-01-21 14:02:01 [scrapy.extensions.logstats] INFO: Crawled 66 pages (at 1 pages/min), scraped 26 items (at 1 items/min)
2019-01-21 14:03:01 [scrapy.extensions.logstats] INFO: Crawled 81 pages (at 15 pages/min), scraped 41 items (at 15 items/min)
2019-01-21 14:04:01 [scrapy.extensions.logstats] INFO: Crawled 118 pages (at 37 pages/min), scraped 78 items (at 37 items/min)
2019-01-21 14:05:01 [scrapy.extensions.logstats] INFO: Crawled 160 pages (at 42 pages/min), scraped 120 items (at 42 items/min)
2019-01-21 14:06:01 [scrapy.extensions.logstats] INFO: Crawled 192 pages (at 32 pages/min), scraped 152 items (at 32 items/min)
2019-01-21 14:07:01 [scrapy.extensions.logstats] INFO: Crawled 219 pages (at 27 pages/min), scraped 179 items (at 27 items/min)
2019-01-21 14:08:01 [scrapy.extensions.logstats] INFO: Crawled 260 pages (at 41 pages/min), scraped 220 items (at 41 items/min)
2019-01-21 14:09:01 [scrapy.extensions.logstats] INFO: Crawled 287 pages (at 27 pages/min), scraped 247 items (at 27 items/min)
2019-01-21 14:10:01 [scrapy.extensions.logstats] INFO: Crawled 322 pages (at 35 pages/min), scraped 282 items (at 35 items/min)
2019-01-21 14:11:01 [scrapy.extensions.logstats] INFO: Crawled 360 pages (at 38 pages/min), scraped 320 items (at 38 items/min)
2019-01-21 14:12:01 [scrapy.extensions.logstats] INFO: Crawled 406 pages (at 46 pages/min), scraped 366 items (at 46 items/min)
2019-01-21 14:13:01 [scrapy.extensions.logstats] INFO: Crawled 433 pages (at 27 pages/min), scraped 393 items (at 27 items/min)
2019-01-21 14:14:01 [scrapy.extensions.logstats] INFO: Crawled 450 pages (at 17 pages/min), scraped 410 items (at 17 items/min)
2019-01-21 14:14:33 [scrapy.core.downloader.handlers.http11] WARNING: Got data loss in http://guba.eastmoney.com/news,600031,19906155.html. If you want to process broken responses set the setting DOWNLOAD_FAIL_ON_DATALOSS = False -- This message won't be shown in further requests
2019-01-21 14:14:57 [scrapy.core.downloader.handlers.http11] WARNING: Got data loss in http://guba.eastmoney.com/news,600031,19962043.html. If you want to process broken responses set the setting DOWNLOAD_FAIL_ON_DATALOSS = False -- This message won't be shown in further requests
2019-01-21 14:15:01 [scrapy.extensions.logstats] INFO: Crawled 479 pages (at 29 pages/min), scraped 439 items (at 29 items/min)
2019-01-21 14:16:01 [scrapy.extensions.logstats] INFO: Crawled 494 pages (at 15 pages/min), scraped 454 items (at 15 items/min)
2019-01-21 14:17:01 [scrapy.extensions.logstats] INFO: Crawled 532 pages (at 38 pages/min), scraped 492 items (at 38 items/min)
2019-01-21 14:18:01 [scrapy.extensions.logstats] INFO: Crawled 572 pages (at 40 pages/min), scraped 532 items (at 40 items/min)
2019-01-21 14:19:01 [scrapy.extensions.logstats] INFO: Crawled 611 pages (at 39 pages/min), scraped 571 items (at 39 items/min)
2019-01-21 14:20:01 [scrapy.extensions.logstats] INFO: Crawled 640 pages (at 29 pages/min), scraped 600 items (at 29 items/min)
2019-01-21 14:21:01 [scrapy.extensions.logstats] INFO: Crawled 665 pages (at 25 pages/min), scraped 625 items (at 25 items/min)
2019-01-21 14:22:01 [scrapy.extensions.logstats] INFO: Crawled 708 pages (at 43 pages/min), scraped 668 items (at 43 items/min)
2019-01-21 14:23:01 [scrapy.extensions.logstats] INFO: Crawled 747 pages (at 39 pages/min), scraped 697 items (at 29 items/min)
2019-01-21 14:24:01 [scrapy.extensions.logstats] INFO: Crawled 749 pages (at 2 pages/min), scraped 697 items (at 0 items/min)
2019-01-21 14:25:01 [scrapy.extensions.logstats] INFO: Crawled 788 pages (at 39 pages/min), scraped 732 items (at 35 items/min)
2019-01-21 14:26:01 [scrapy.extensions.logstats] INFO: Crawled 830 pages (at 42 pages/min), scraped 774 items (at 42 items/min)
2019-01-21 14:27:01 [scrapy.extensions.logstats] INFO: Crawled 863 pages (at 33 pages/min), scraped 807 items (at 33 items/min)
2019-01-21 14:28:01 [scrapy.extensions.logstats] INFO: Crawled 897 pages (at 34 pages/min), scraped 841 items (at 34 items/min)
2019-01-21 14:29:01 [scrapy.extensions.logstats] INFO: Crawled 932 pages (at 35 pages/min), scraped 876 items (at 35 items/min)
2019-01-21 14:30:01 [scrapy.extensions.logstats] INFO: Crawled 971 pages (at 39 pages/min), scraped 915 items (at 39 items/min)
2019-01-21 14:31:01 [scrapy.extensions.logstats] INFO: Crawled 1002 pages (at 31 pages/min), scraped 946 items (at 31 items/min)
2019-01-21 14:32:01 [scrapy.extensions.logstats] INFO: Crawled 1023 pages (at 21 pages/min), scraped 967 items (at 21 items/min)
2019-01-21 14:33:01 [scrapy.extensions.logstats] INFO: Crawled 1028 pages (at 5 pages/min), scraped 972 items (at 5 items/min)
2019-01-21 14:34:01 [scrapy.extensions.logstats] INFO: Crawled 1061 pages (at 33 pages/min), scraped 1005 items (at 33 items/min)
2019-01-21 14:35:01 [scrapy.extensions.logstats] INFO: Crawled 1103 pages (at 42 pages/min), scraped 1047 items (at 42 items/min)
2019-01-21 14:35:12 [scrapy.core.downloader.handlers.http11] WARNING: Got data loss in http://guba.eastmoney.com/news,600023,95498151.html. If you want to process broken responses set the setting DOWNLOAD_FAIL_ON_DATALOSS = False -- This message won't be shown in further requests
2019-01-21 14:36:01 [scrapy.extensions.logstats] INFO: Crawled 1145 pages (at 42 pages/min), scraped 1089 items (at 42 items/min)
2019-01-21 14:37:01 [scrapy.extensions.logstats] INFO: Crawled 1185 pages (at 40 pages/min), scraped 1129 items (at 40 items/min)
2019-01-21 14:37:34 [scrapy.core.downloader.handlers.http11] WARNING: Got data loss in http://guba.eastmoney.com/news,600023,95490716.html. If you want to process broken responses set the setting DOWNLOAD_FAIL_ON_DATALOSS = False -- This message won't be shown in further requests
2019-01-21 14:38:01 [scrapy.extensions.logstats] INFO: Crawled 1225 pages (at 40 pages/min), scraped 1168 items (at 39 items/min)
2019-01-21 14:38:36 [scrapy.crawler] INFO: Received SIGINT, shutting down gracefully. Send again to force 
2019-01-21 14:38:36 [scrapy.core.engine] INFO: Closing spider (shutdown)
2019-01-21 14:38:36 [scrapy.crawler] INFO: Received SIGINT twice, forcing unclean shutdown
